Copyright 1986-2021 Xilinx, Inc. All Rights Reserved.
---------------------------------------------------------------------------------------
| Tool Version : Vivado v.2021.2 (win64) Build 3367213 Tue Oct 19 02:48:09 MDT 2021
| Date         : Sun Jan 23 02:32:37 2022
| Host         : DESKTOP-EJ28NGN running 64-bit major release  (build 9200)
| Command      : report_clock_utilization -file xillydemo_clock_utilization_routed.rpt
| Design       : xillydemo
| Device       : 7z020-clg484
| Speed File   : -1  PRODUCTION 1.12 2019-11-22
| Design State : Routed
---------------------------------------------------------------------------------------

Clock Utilization Report

Table of Contents
-----------------
1. Clock Primitive Utilization
2. Global Clock Resources
3. Global Clock Source Details
4. Clock Regions: Key Resource Utilization
5. Clock Regions : Global Clock Summary
6. Device Cell Placement Summary for Global Clock g0
7. Device Cell Placement Summary for Global Clock g1
8. Clock Region Cell Placement per Global Clock: Region X0Y0
9. Clock Region Cell Placement per Global Clock: Region X1Y0
10. Clock Region Cell Placement per Global Clock: Region X0Y1
11. Clock Region Cell Placement per Global Clock: Region X1Y1
12. Clock Region Cell Placement per Global Clock: Region X0Y2
13. Clock Region Cell Placement per Global Clock: Region X1Y2

1. Clock Primitive Utilization
------------------------------

+----------+------+-----------+-----+--------------+--------+
| Type     | Used | Available | LOC | Clock Region | Pblock |
+----------+------+-----------+-----+--------------+--------+
| BUFGCTRL |    2 |        32 |   0 |            0 |      0 |
| BUFH     |    0 |        72 |   0 |            0 |      0 |
| BUFIO    |    0 |        16 |   0 |            0 |      0 |
| BUFMR    |    0 |         8 |   0 |            0 |      0 |
| BUFR     |    0 |        16 |   0 |            0 |      0 |
| MMCM     |    0 |         4 |   0 |            0 |      0 |
| PLL      |    1 |         4 |   0 |            0 |      0 |
+----------+------+-----------+-----+--------------+--------+


2. Global Clock Resources
-------------------------

+-----------+-----------+-----------------+------------+----------------+--------------+-------------------+-------------+-----------------+--------------+---------------------+-----------------------------------------------------------------------------------------------------+---------------------------------------------------------------------------------+
| Global Id | Source Id | Driver Type/Pin | Constraint | Site           | Clock Region | Load Clock Region | Clock Loads | Non-Clock Loads | Clock Period | Clock               | Driver Pin                                                                                          | Net                                                                             |
+-----------+-----------+-----------------+------------+----------------+--------------+-------------------+-------------+-----------------+--------------+---------------------+-----------------------------------------------------------------------------------------------------+---------------------------------------------------------------------------------+
| g0        | src0      | BUFG/O          | None       | BUFGCTRL_X0Y16 | n/a          |                 6 |        6197 |               1 |       10.000 | clk_fpga_1          | xillybus_ins/system_i/vivado_system_i/processing_system7_0/inst/buffer_fclk_clk_1.FCLK_CLK_1_BUFG/O | xillybus_ins/system_i/vivado_system_i/processing_system7_0/inst/FCLK_CLK1       |
| g1        | src1      | BUFG/O          | None       | BUFGCTRL_X0Y0  | n/a          |                 3 |         195 |               0 |       15.385 | vga_clk_ins/clkout0 | xillybus_ins/system_i/vivado_system_i/xillyvga_0/inst/xillyvga_core_ins/vga_clk_ins/clkout1_buf/O   | xillybus_ins/system_i/vivado_system_i/xillyvga_0/inst/xillyvga_core_ins/vga_clk |
+-----------+-----------+-----------------+------------+----------------+--------------+-------------------+-------------+-----------------+--------------+---------------------+-----------------------------------------------------------------------------------------------------+---------------------------------------------------------------------------------+
* Clock Loads column represents the clock pin loads (pin count)
** Non-Clock Loads column represents the non-clock pin loads (pin count)


3. Global Clock Source Details
------------------------------

+-----------+-----------+-------------------+------------+----------------+--------------+-------------+-----------------+---------------------+---------------------+-----------------------------------------------------------------------------------------------------+---------------------------------------------------------------------------------------------+
| Source Id | Global Id | Driver Type/Pin   | Constraint | Site           | Clock Region | Clock Loads | Non-Clock Loads | Source Clock Period | Source Clock        | Driver Pin                                                                                          | Net                                                                                         |
+-----------+-----------+-------------------+------------+----------------+--------------+-------------+-----------------+---------------------+---------------------+-----------------------------------------------------------------------------------------------------+---------------------------------------------------------------------------------------------+
| src0      | g0        | PS7/FCLKCLK[1]    | None       | PS7_X0Y0       | X0Y2         |           1 |               0 |              10.000 | clk_fpga_1          | xillybus_ins/system_i/vivado_system_i/processing_system7_0/inst/PS7_i/FCLKCLK[1]                    | xillybus_ins/system_i/vivado_system_i/processing_system7_0/inst/FCLK_CLK_unbuffered[1]      |
| src1      | g1        | PLLE2_ADV/CLKOUT0 | None       | PLLE2_ADV_X0Y0 | X0Y0         |           1 |               0 |              15.385 | vga_clk_ins/clkout0 | xillybus_ins/system_i/vivado_system_i/xillyvga_0/inst/xillyvga_core_ins/vga_clk_ins/vga_pll/CLKOUT0 | xillybus_ins/system_i/vivado_system_i/xillyvga_0/inst/xillyvga_core_ins/vga_clk_ins/clkout0 |
+-----------+-----------+-------------------+------------+----------------+--------------+-------------+-----------------+---------------------+---------------------+-----------------------------------------------------------------------------------------------------+---------------------------------------------------------------------------------------------+
* Clock Loads column represents the clock pin loads (pin count)
** Non-Clock Loads column represents the non-clock pin loads (pin count)


4. Clock Regions: Key Resource Utilization
------------------------------------------

+-------------------+--------------+--------------+--------------+--------------+--------------+--------------+--------------+--------------+--------------+--------------+--------------+--------------+--------------+--------------+--------------+
|                   | Global Clock |     BUFRs    |    BUFMRs    |    BUFIOs    |     MMCM     |      PLL     |      GT      |      PCI     |    ILOGIC    |    OLOGIC    |      FF      |     LUTM     |    RAMB18    |    RAMB36    |    DSP48E2   |
+-------------------+------+-------+------+-------+------+-------+------+-------+------+-------+------+-------+------+-------+------+-------+------+-------+------+-------+------+-------+------+-------+------+-------+------+-------+------+-------+
| Clock Region Name | Used | Avail | Used | Avail | Used | Avail | Used | Avail | Used | Avail | Used | Avail | Used | Avail | Used | Avail | Used | Avail | Used | Avail | Used | Avail | Used | Avail | Used | Avail | Used | Avail | Used | Avail |
+-------------------+------+-------+------+-------+------+-------+------+-------+------+-------+------+-------+------+-------+------+-------+------+-------+------+-------+------+-------+------+-------+------+-------+------+-------+------+-------+
| X0Y0              |    2 |    12 |    0 |     4 |    0 |     2 |    0 |     4 |    0 |     1 |    0 |     1 |    0 |     0 |    0 |     0 |    0 |    50 |    0 |    50 |   58 |  2500 |   36 |  1000 |    0 |    60 |    0 |    30 |    0 |    60 |
| X1Y0              |    2 |    12 |    0 |     4 |    0 |     2 |    0 |     4 |    0 |     1 |    0 |     1 |    0 |     0 |    0 |     0 |    0 |    50 |   14 |    50 |   41 |  3200 |    0 |   850 |    0 |    60 |    0 |    30 |    0 |    40 |
| X0Y1              |    2 |    12 |    0 |     0 |    0 |     0 |    0 |     0 |    0 |     0 |    0 |     0 |    0 |     0 |    0 |     0 |    0 |     0 |    0 |     0 | 2236 |  1200 |  804 |   400 |    1 |    20 |    0 |    10 |    0 |    20 |
| X1Y1              |    1 |    12 |    0 |     4 |    0 |     2 |    0 |     4 |    0 |     1 |    0 |     1 |    0 |     0 |    0 |     0 |    0 |    50 |    0 |    50 | 1093 |  2600 |  345 |   850 |    1 |    60 |    0 |    30 |    0 |    40 |
| X0Y2              |    1 |    12 |    0 |     0 |    0 |     0 |    0 |     0 |    0 |     0 |    0 |     0 |    0 |     0 |    0 |     0 |    0 |     0 |    0 |     0 | 1439 |  1200 |  469 |   400 |    0 |    20 |    0 |    10 |    0 |    20 |
| X1Y2              |    1 |    12 |    0 |     4 |    0 |     2 |    0 |     4 |    0 |     1 |    0 |     1 |    0 |     0 |    0 |     0 |    0 |    50 |    0 |    50 | 1387 |  2600 |  408 |   850 |    0 |    60 |    0 |    30 |    0 |    40 |
+-------------------+------+-------+------+-------+------+-------+------+-------+------+-------+------+-------+------+-------+------+-------+------+-------+------+-------+------+-------+------+-------+------+-------+------+-------+------+-------+
* Global Clock column represents track count; while other columns represents cell counts


5. Clock Regions : Global Clock Summary
---------------------------------------

All Modules
+----+----+----+
|    | X0 | X1 |
+----+----+----+
| Y2 |  1 |  1 |
| Y1 |  2 |  1 |
| Y0 |  2 |  2 |
+----+----+----+


6. Device Cell Placement Summary for Global Clock g0
----------------------------------------------------

+-----------+-----------------+-------------------+------------+-------------+---------------+-------------+----------+----------------+----------+---------------------------------------------------------------------------+
| Global Id | Driver Type/Pin | Driver Region (D) | Clock      | Period (ns) | Waveform (ns) | Slice Loads | IO Loads | Clocking Loads | GT Loads | Net                                                                       |
+-----------+-----------------+-------------------+------------+-------------+---------------+-------------+----------+----------------+----------+---------------------------------------------------------------------------+
| g0        | BUFG/O          | n/a               | clk_fpga_1 |      10.000 | {0.000 5.000} |        6139 |        1 |              0 |        0 | xillybus_ins/system_i/vivado_system_i/processing_system7_0/inst/FCLK_CLK1 |
+-----------+-----------------+-------------------+------------+-------------+---------------+-------------+----------+----------------+----------+---------------------------------------------------------------------------+
* Slice Loads column represents load cell count of all cell types other than IO, GT and clock resources
** IO Loads column represents load cell count of IO types
*** Clocking Loads column represents load cell count that are clock resources (global clock buffer, MMCM, PLL, etc)
**** GT Loads column represents load cell count of GT types


+----+-------+-------+-----------------------+
|    | X0    | X1    | HORIZONTAL PROG DELAY |
+----+-------+-------+-----------------------+
| Y2 |  1458 |  1389 |                     0 |
| Y1 |  2130 |  1097 |                     0 |
| Y0 |    39 |    27 |                     0 |
+----+-------+-------+-----------------------+


7. Device Cell Placement Summary for Global Clock g1
----------------------------------------------------

+-----------+-----------------+-------------------+---------------------+-------------+---------------+-------------+----------+----------------+----------+---------------------------------------------------------------------------------+
| Global Id | Driver Type/Pin | Driver Region (D) | Clock               | Period (ns) | Waveform (ns) | Slice Loads | IO Loads | Clocking Loads | GT Loads | Net                                                                             |
+-----------+-----------------+-------------------+---------------------+-------------+---------------+-------------+----------+----------------+----------+---------------------------------------------------------------------------------+
| g1        | BUFG/O          | n/a               | vga_clk_ins/clkout0 |      15.385 | {0.000 7.692} |         195 |        0 |              0 |        0 | xillybus_ins/system_i/vivado_system_i/xillyvga_0/inst/xillyvga_core_ins/vga_clk |
+-----------+-----------------+-------------------+---------------------+-------------+---------------+-------------+----------+----------------+----------+---------------------------------------------------------------------------------+
* Slice Loads column represents load cell count of all cell types other than IO, GT and clock resources
** IO Loads column represents load cell count of IO types
*** Clocking Loads column represents load cell count that are clock resources (global clock buffer, MMCM, PLL, etc)
**** GT Loads column represents load cell count of GT types


+----+------+-----+-----------------------+
|    | X0   | X1  | HORIZONTAL PROG DELAY |
+----+------+-----+-----------------------+
| Y2 |    0 |   0 |                     - |
| Y1 |  159 |   0 |                     0 |
| Y0 |   22 |  14 |                     0 |
+----+------+-----+-----------------------+


8. Clock Region Cell Placement per Global Clock: Region X0Y0
------------------------------------------------------------

+-----------+-------+-----------------+------------+-------------+-----------------+----+-------------+------+-----+----+------+-----+---------+---------------------------------------------------------------------------------+
| Global Id | Track | Driver Type/Pin | Constraint | Clock Loads | Non-Clock Loads | FF | Memory LUTs | RAMB | DSP | GT | MMCM | PLL | Hard IP | Net                                                                             |
+-----------+-------+-----------------+------------+-------------+-----------------+----+-------------+------+-----+----+------+-----+---------+---------------------------------------------------------------------------------+
| g0        | n/a   | BUFG/O          | None       |          38 |               1 | 37 |           0 |    0 |   0 |  0 |    0 |   0 |       0 | xillybus_ins/system_i/vivado_system_i/processing_system7_0/inst/FCLK_CLK1       |
| g1        | n/a   | BUFG/O          | None       |          22 |               0 | 21 |           0 |    0 |   0 |  0 |    0 |   0 |       0 | xillybus_ins/system_i/vivado_system_i/xillyvga_0/inst/xillyvga_core_ins/vga_clk |
+-----------+-------+-----------------+------------+-------------+-----------------+----+-------------+------+-----+----+------+-----+---------+---------------------------------------------------------------------------------+
* Clock Loads column represents the clock pin loads (pin count)
** Non-Clock Loads column represents the non-clock pin loads (pin count)
*** Columns FF, LUTRAM, RAMB through 'Hard IP' represents load cell counts


9. Clock Region Cell Placement per Global Clock: Region X1Y0
------------------------------------------------------------

+-----------+-------+-----------------+------------+-------------+-----------------+----+-------------+------+-----+----+------+-----+---------+---------------------------------------------------------------------------------+
| Global Id | Track | Driver Type/Pin | Constraint | Clock Loads | Non-Clock Loads | FF | Memory LUTs | RAMB | DSP | GT | MMCM | PLL | Hard IP | Net                                                                             |
+-----------+-------+-----------------+------------+-------------+-----------------+----+-------------+------+-----+----+------+-----+---------+---------------------------------------------------------------------------------+
| g0        | n/a   | BUFG/O          | None       |          27 |               0 | 27 |           0 |    0 |   0 |  0 |    0 |   0 |       0 | xillybus_ins/system_i/vivado_system_i/processing_system7_0/inst/FCLK_CLK1       |
| g1        | n/a   | BUFG/O          | None       |          14 |               0 | 14 |           0 |    0 |   0 |  0 |    0 |   0 |       0 | xillybus_ins/system_i/vivado_system_i/xillyvga_0/inst/xillyvga_core_ins/vga_clk |
+-----------+-------+-----------------+------------+-------------+-----------------+----+-------------+------+-----+----+------+-----+---------+---------------------------------------------------------------------------------+
* Clock Loads column represents the clock pin loads (pin count)
** Non-Clock Loads column represents the non-clock pin loads (pin count)
*** Columns FF, LUTRAM, RAMB through 'Hard IP' represents load cell counts


10. Clock Region Cell Placement per Global Clock: Region X0Y1
-------------------------------------------------------------

+-----------+-------+-----------------+------------+-------------+-----------------+------+-------------+------+-----+----+------+-----+---------+---------------------------------------------------------------------------------+
| Global Id | Track | Driver Type/Pin | Constraint | Clock Loads | Non-Clock Loads | FF   | Memory LUTs | RAMB | DSP | GT | MMCM | PLL | Hard IP | Net                                                                             |
+-----------+-------+-----------------+------------+-------------+-----------------+------+-------------+------+-----+----+------+-----+---------+---------------------------------------------------------------------------------+
| g0        | n/a   | BUFG/O          | None       |        2130 |               0 | 2078 |          49 |    1 |   0 |  0 |    0 |   0 |       0 | xillybus_ins/system_i/vivado_system_i/processing_system7_0/inst/FCLK_CLK1       |
| g1        | n/a   | BUFG/O          | None       |         159 |               0 |  158 |           0 |    0 |   0 |  0 |    0 |   0 |       0 | xillybus_ins/system_i/vivado_system_i/xillyvga_0/inst/xillyvga_core_ins/vga_clk |
+-----------+-------+-----------------+------------+-------------+-----------------+------+-------------+------+-----+----+------+-----+---------+---------------------------------------------------------------------------------+
* Clock Loads column represents the clock pin loads (pin count)
** Non-Clock Loads column represents the non-clock pin loads (pin count)
*** Columns FF, LUTRAM, RAMB through 'Hard IP' represents load cell counts


11. Clock Region Cell Placement per Global Clock: Region X1Y1
-------------------------------------------------------------

+-----------+-------+-----------------+------------+-------------+-----------------+------+-------------+------+-----+----+------+-----+---------+---------------------------------------------------------------------------+
| Global Id | Track | Driver Type/Pin | Constraint | Clock Loads | Non-Clock Loads | FF   | Memory LUTs | RAMB | DSP | GT | MMCM | PLL | Hard IP | Net                                                                       |
+-----------+-------+-----------------+------------+-------------+-----------------+------+-------------+------+-----+----+------+-----+---------+---------------------------------------------------------------------------+
| g0        | n/a   | BUFG/O          | None       |        1097 |               0 | 1093 |           0 |    1 |   0 |  0 |    0 |   0 |       0 | xillybus_ins/system_i/vivado_system_i/processing_system7_0/inst/FCLK_CLK1 |
+-----------+-------+-----------------+------------+-------------+-----------------+------+-------------+------+-----+----+------+-----+---------+---------------------------------------------------------------------------+
* Clock Loads column represents the clock pin loads (pin count)
** Non-Clock Loads column represents the non-clock pin loads (pin count)
*** Columns FF, LUTRAM, RAMB through 'Hard IP' represents load cell counts


12. Clock Region Cell Placement per Global Clock: Region X0Y2
-------------------------------------------------------------

+-----------+-------+-----------------+------------+-------------+-----------------+------+-------------+------+-----+----+------+-----+---------+---------------------------------------------------------------------------+
| Global Id | Track | Driver Type/Pin | Constraint | Clock Loads | Non-Clock Loads | FF   | Memory LUTs | RAMB | DSP | GT | MMCM | PLL | Hard IP | Net                                                                       |
+-----------+-------+-----------------+------------+-------------+-----------------+------+-------------+------+-----+----+------+-----+---------+---------------------------------------------------------------------------+
| g0        | n/a   | BUFG/O          | None       |        1458 |               0 | 1439 |          18 |    0 |   0 |  0 |    0 |   0 |       0 | xillybus_ins/system_i/vivado_system_i/processing_system7_0/inst/FCLK_CLK1 |
+-----------+-------+-----------------+------------+-------------+-----------------+------+-------------+------+-----+----+------+-----+---------+---------------------------------------------------------------------------+
* Clock Loads column represents the clock pin loads (pin count)
** Non-Clock Loads column represents the non-clock pin loads (pin count)
*** Columns FF, LUTRAM, RAMB through 'Hard IP' represents load cell counts


13. Clock Region Cell Placement per Global Clock: Region X1Y2
-------------------------------------------------------------

+-----------+-------+-----------------+------------+-------------+-----------------+------+-------------+------+-----+----+------+-----+---------+---------------------------------------------------------------------------+
| Global Id | Track | Driver Type/Pin | Constraint | Clock Loads | Non-Clock Loads | FF   | Memory LUTs | RAMB | DSP | GT | MMCM | PLL | Hard IP | Net                                                                       |
+-----------+-------+-----------------+------------+-------------+-----------------+------+-------------+------+-----+----+------+-----+---------+---------------------------------------------------------------------------+
| g0        | n/a   | BUFG/O          | None       |        1389 |               0 | 1387 |           1 |    0 |   0 |  0 |    0 |   0 |       0 | xillybus_ins/system_i/vivado_system_i/processing_system7_0/inst/FCLK_CLK1 |
+-----------+-------+-----------------+------------+-------------+-----------------+------+-------------+------+-----+----+------+-----+---------+---------------------------------------------------------------------------+
* Clock Loads column represents the clock pin loads (pin count)
** Non-Clock Loads column represents the non-clock pin loads (pin count)
*** Columns FF, LUTRAM, RAMB through 'Hard IP' represents load cell counts



# Location of BUFG Primitives 
set_property LOC BUFGCTRL_X0Y0 [get_cells xillybus_ins/system_i/vivado_system_i/xillyvga_0/inst/xillyvga_core_ins/vga_clk_ins/clkout1_buf]
set_property LOC BUFGCTRL_X0Y16 [get_cells xillybus_ins/system_i/vivado_system_i/processing_system7_0/inst/buffer_fclk_clk_1.FCLK_CLK_1_BUFG]

# Location of IO Primitives which is load of clock spine
set_property LOC IOB_X0Y30 [get_cells PS_GPIO_OBUF[24]_inst]

# Location of clock ports
set_property LOC IOB_X0Y26 [get_ports clk_100]

# Clock net "xillybus_ins/system_i/vivado_system_i/xillyvga_0/inst/xillyvga_core_ins/vga_clk" driven by instance "xillybus_ins/system_i/vivado_system_i/xillyvga_0/inst/xillyvga_core_ins/vga_clk_ins/clkout1_buf" located at site "BUFGCTRL_X0Y0"
#startgroup
create_pblock {CLKAG_xillybus_ins/system_i/vivado_system_i/xillyvga_0/inst/xillyvga_core_ins/vga_clk}
add_cells_to_pblock [get_pblocks  {CLKAG_xillybus_ins/system_i/vivado_system_i/xillyvga_0/inst/xillyvga_core_ins/vga_clk}] [get_cells -filter { PRIMITIVE_GROUP != I/O && IS_PRIMITIVE==1 && PRIMITIVE_LEVEL !=INTERNAL } -of_object [get_pins -filter {DIRECTION==IN} -of_objects [get_nets -hierarchical -filter {PARENT=="xillybus_ins/system_i/vivado_system_i/xillyvga_0/inst/xillyvga_core_ins/vga_clk"}]]]
resize_pblock [get_pblocks {CLKAG_xillybus_ins/system_i/vivado_system_i/xillyvga_0/inst/xillyvga_core_ins/vga_clk}] -add {CLOCKREGION_X0Y0:CLOCKREGION_X0Y0 CLOCKREGION_X0Y1:CLOCKREGION_X0Y1 CLOCKREGION_X1Y0:CLOCKREGION_X1Y0}
#endgroup

# Clock net "xillybus_ins/system_i/vivado_system_i/processing_system7_0/inst/FCLK_CLK1" driven by instance "xillybus_ins/system_i/vivado_system_i/processing_system7_0/inst/buffer_fclk_clk_1.FCLK_CLK_1_BUFG" located at site "BUFGCTRL_X0Y16"
#startgroup
create_pblock {CLKAG_xillybus_ins/system_i/vivado_system_i/processing_system7_0/inst/FCLK_CLK1}
add_cells_to_pblock [get_pblocks  {CLKAG_xillybus_ins/system_i/vivado_system_i/processing_system7_0/inst/FCLK_CLK1}] [get_cells -filter { PRIMITIVE_GROUP != I/O && IS_PRIMITIVE==1 && PRIMITIVE_LEVEL !=INTERNAL && NAME!=PS_GPIO_OBUF[24]_inst} -of_object [get_pins -filter {DIRECTION==IN} -of_objects [get_nets -hierarchical -filter {PARENT=="xillybus_ins/system_i/vivado_system_i/processing_system7_0/inst/FCLK_CLK1"}]]]
resize_pblock [get_pblocks {CLKAG_xillybus_ins/system_i/vivado_system_i/processing_system7_0/inst/FCLK_CLK1}] -add {CLOCKREGION_X0Y0:CLOCKREGION_X0Y0 CLOCKREGION_X0Y1:CLOCKREGION_X0Y1 CLOCKREGION_X0Y2:CLOCKREGION_X0Y2 CLOCKREGION_X1Y0:CLOCKREGION_X1Y0 CLOCKREGION_X1Y1:CLOCKREGION_X1Y1 CLOCKREGION_X1Y2:CLOCKREGION_X1Y2}
#endgroup
