Copyright 1986-2021 Xilinx, Inc. All Rights Reserved.
------------------------------------------------------------------------------------
| Tool Version : Vivado v.2021.2 (win64) Build 3367213 Tue Oct 19 02:48:09 MDT 2021
| Date         : Thu Dec 30 13:41:53 2021
| Host         : DESKTOP-EJ28NGN running 64-bit major release  (build 9200)
| Command      : upgrade_ip
| Device       : xc7z020clg484-1
------------------------------------------------------------------------------------

Upgrade Log for IP 'vivado_system_xlconcat_0_0'

1. Summary
----------

SUCCESS in the upgrade of vivado_system_xlconcat_0_0 (xilinx.com:ip:xlconcat:2.1) from (Rev. 3) to (Rev. 4)






Copyright 1986-2021 Xilinx, Inc. All Rights Reserved.
------------------------------------------------------------------------------------
| Tool Version : Vivado v.2021.2 (win64) Build 3367213 Tue Oct 19 02:48:09 MDT 2021
| Date         : Thu Dec 30 13:41:53 2021
| Host         : DESKTOP-EJ28NGN running 64-bit major release  (build 9200)
| Command      : upgrade_ip
| Device       : xc7z020clg484-1
------------------------------------------------------------------------------------

Upgrade Log for IP 'vivado_system_ps7_0_axi_periph_0'

1. Summary
----------

SUCCESS in the upgrade of vivado_system_ps7_0_axi_periph_0 (xilinx.com:ip:axi_interconnect:2.1) from (Rev. 22) to (Rev. 26)






Copyright 1986-2021 Xilinx, Inc. All Rights Reserved.
------------------------------------------------------------------------------------
| Tool Version : Vivado v.2021.2 (win64) Build 3367213 Tue Oct 19 02:48:09 MDT 2021
| Date         : Thu Dec 30 13:41:50 2021
| Host         : DESKTOP-EJ28NGN running 64-bit major release  (build 9200)
| Command      : upgrade_ip
| Device       : xc7z020clg484-1
------------------------------------------------------------------------------------

Upgrade Log for IP 'vga_fifo'

1. Summary
----------

SUCCESS in the upgrade of vga_fifo (xilinx.com:ip:fifo_generator:13.2) from (Rev. 5) to (Rev. 6)






Copyright 1986-2021 Xilinx, Inc. All Rights Reserved.
------------------------------------------------------------------------------------
| Tool Version : Vivado v.2021.2 (win64) Build 3367213 Tue Oct 19 02:48:09 MDT 2021
| Date         : Thu Dec 30 13:41:49 2021
| Host         : DESKTOP-EJ28NGN running 64-bit major release  (build 9200)
| Command      : upgrade_ip
| Device       : xc7z020clg484-1
------------------------------------------------------------------------------------

Upgrade Log for IP 'fifo_GS_Host_FPGA'

1. Summary
----------

SUCCESS in the upgrade of fifo_GS_Host_FPGA (xilinx.com:ip:fifo_generator:13.2) from (Rev. 5) to (Rev. 6)






Copyright 1986-2021 Xilinx, Inc. All Rights Reserved.
------------------------------------------------------------------------------------
| Tool Version : Vivado v.2021.2 (win64) Build 3367213 Tue Oct 19 02:48:09 MDT 2021
| Date         : Thu Dec 30 13:41:49 2021
| Host         : DESKTOP-EJ28NGN running 64-bit major release  (build 9200)
| Command      : upgrade_ip
| Device       : xc7z020clg484-1
------------------------------------------------------------------------------------

Upgrade Log for IP 'fifo_GS_FPGA_Host'

1. Summary
----------

SUCCESS in the upgrade of fifo_GS_FPGA_Host (xilinx.com:ip:fifo_generator:13.2) from (Rev. 5) to (Rev. 6)






Copyright 1986-2021 Xilinx, Inc. All Rights Reserved.
------------------------------------------------------------------------------------
| Tool Version : Vivado v.2021.2 (win64) Build 3367213 Tue Oct 19 02:48:09 MDT 2021
| Date         : Thu Dec 30 13:41:49 2021
| Host         : DESKTOP-EJ28NGN running 64-bit major release  (build 9200)
| Command      : upgrade_ip
| Device       : xc7z020clg484-1
------------------------------------------------------------------------------------

Upgrade Log for IP 'fifo_8x2048'

1. Summary
----------

SUCCESS in the upgrade of fifo_8x2048 (xilinx.com:ip:fifo_generator:13.2) from (Rev. 5) to (Rev. 6)






Copyright 1986-2021 Xilinx, Inc. All Rights Reserved.
------------------------------------------------------------------------------------
| Tool Version : Vivado v.2021.2 (win64) Build 3367213 Tue Oct 19 02:48:09 MDT 2021
| Date         : Thu Dec 30 13:41:48 2021
| Host         : DESKTOP-EJ28NGN running 64-bit major release  (build 9200)
| Command      : upgrade_ip
| Device       : xc7z020clg484-1
------------------------------------------------------------------------------------

Upgrade Log for IP 'fifo_32x512'

1. Summary
----------

SUCCESS in the upgrade of fifo_32x512 (xilinx.com:ip:fifo_generator:13.2) from (Rev. 5) to (Rev. 6)

