Vivado Simulator v2021.2
Copyright 1986-1999, 2001-2021 Xilinx, Inc. All Rights Reserved.
Running: E:/Vivado/2021.2/bin/unwrapped/win64.o/xelab.exe --incr --debug typical --relax --mt 2 -L xil_defaultlib -L fifo_generator_v13_2_6 -L axi_infrastructure_v1_1_0 -L axi_vip_v1_1_11 -L processing_system7_vip_v1_0_13 -L lib_cdc_v1_0_2 -L proc_sys_reset_v5_0_13 -L generic_baseblocks_v2_1_0 -L axi_register_slice_v2_1_25 -L axi_data_fifo_v2_1_24 -L axi_crossbar_v2_1_26 -L axi_protocol_converter_v2_1_25 -L xlconcat_v2_1_4 -L uvm -L xilinx_vip -L unisims_ver -L unimacro_ver -L secureip -L xpm --snapshot RN_TestBench_behav xil_defaultlib.RN_TestBench xil_defaultlib.glbl -log elaborate.log 
Using 2 slave threads.
Starting static elaboration
Pass Through NonSizing Optimizer
Completed static elaboration
Starting simulation data flow analysis
Completed simulation data flow analysis
Time Resolution for simulation is 1ps
Compiling module fifo_generator_v13_2_6.fifo_generator_v13_2_6_bhv_ver_s...
Compiling module fifo_generator_v13_2_6.fifo_generator_v13_2_6_CONV_VER(...
Compiling module fifo_generator_v13_2_6.fifo_generator_vlog_beh(C_COMMON...
Compiling module xil_defaultlib.fifo_RN_Host_FPGA
Compiling module xil_defaultlib.Rn_StateMachin
Compiling module xil_defaultlib.RN_SimResult
Compiling module fifo_generator_v13_2_6.fifo_generator_v13_2_6_bhv_ver_s...
Compiling module fifo_generator_v13_2_6.fifo_generator_v13_2_6_CONV_VER(...
Compiling module fifo_generator_v13_2_6.fifo_generator_vlog_beh(C_COMMON...
Compiling module xil_defaultlib.fifo_RN_FPGA_Host
Compiling module xil_defaultlib.RN_TestBench
Compiling module xil_defaultlib.glbl
Built simulation snapshot RN_TestBench_behav
